Start testing: Sep 12 11:10 CEST
----------------------------------------------------------
1/1 Testing: crypto_test
1/1 Test: crypto_test
Command: "/home/haldor/Skole/openssl-example/build/tests/crypto_test"
Directory: /home/haldor/Skole/openssl-example/build/tests
"crypto_test" start time: Sep 12 11:10 CEST
Output:
----------------------------------------------------------
<end of output>
Test time =   0.02 sec
----------------------------------------------------------
Test Passed.
"crypto_test" end time: Sep 12 11:10 CEST
"crypto_test" time elapsed: 00:00:00
----------------------------------------------------------

End testing: Sep 12 11:10 CEST
